2015/03/11 07:45:57 [error] [php] Undefined index: kodetrans (/home/azizy/localsite/utoko/protected/controllers/KonfigurasiController.php:162)
Stack trace:
#0 /home/azizy/framework/web/filters/CFilterChain.php(133): KonfigurasiController->runAction()
#1 /home/azizy/framework/web/filters/CFilter.php(40): CFilterChain->run()
#2 /home/azizy/framework/web/CController.php(1145): CAccessControlFilter->filter()
#3 /home/azizy/framework/web/filters/CInlineFilter.php(58): KonfigurasiController->filterAccessControl()
#4 /home/azizy/framework/web/filters/CFilterChain.php(130): CInlineFilter->filter()
#5 /home/azizy/framework/web/CController.php(291): CFilterChain->run()
#6 /home/azizy/framework/web/CController.php(265): KonfigurasiController->runActionWithFilters()
#7 /home/azizy/framework/web/CWebApplication.php(282): KonfigurasiController->run()
#8 /home/azizy/framework/web/CWebApplication.php(141): CWebApplication->runController()
#9 /home/azizy/framework/base/CApplication.php(180): CWebApplication->processRequest()
#10 /home/azizy/localsite/utoko/index.php(13): CWebApplication->run()
REQUEST_URI=/utoko/index.php/konfigurasi/transaksiapprove
2015/03/11 07:46:15 [error] [php] Undefined index: kodetrans (/home/azizy/localsite/utoko/protected/controllers/KonfigurasiController.php:162)
Stack trace:
#0 /home/azizy/framework/web/filters/CFilterChain.php(133): KonfigurasiController->runAction()
#1 /home/azizy/framework/web/filters/CFilter.php(40): CFilterChain->run()
#2 /home/azizy/framework/web/CController.php(1145): CAccessControlFilter->filter()
#3 /home/azizy/framework/web/filters/CInlineFilter.php(58): KonfigurasiController->filterAccessControl()
#4 /home/azizy/framework/web/filters/CFilterChain.php(130): CInlineFilter->filter()
#5 /home/azizy/framework/web/CController.php(291): CFilterChain->run()
#6 /home/azizy/framework/web/CController.php(265): KonfigurasiController->runActionWithFilters()
#7 /home/azizy/framework/web/CWebApplication.php(282): KonfigurasiController->run()
#8 /home/azizy/framework/web/CWebApplication.php(141): CWebApplication->runController()
#9 /home/azizy/framework/base/CApplication.php(180): CWebApplication->processRequest()
#10 /home/azizy/localsite/utoko/index.php(13): CWebApplication->run()
REQUEST_URI=/utoko/index.php/konfigurasi/transaksiapprove
2015/03/11 07:46:20 [error] [php] Undefined index: kodetrans (/home/azizy/localsite/utoko/protected/controllers/KonfigurasiController.php:162)
Stack trace:
#0 /home/azizy/framework/web/filters/CFilterChain.php(133): KonfigurasiController->runAction()
#1 /home/azizy/framework/web/filters/CFilter.php(40): CFilterChain->run()
#2 /home/azizy/framework/web/CController.php(1145): CAccessControlFilter->filter()
#3 /home/azizy/framework/web/filters/CInlineFilter.php(58): KonfigurasiController->filterAccessControl()
#4 /home/azizy/framework/web/filters/CFilterChain.php(130): CInlineFilter->filter()
#5 /home/azizy/framework/web/CController.php(291): CFilterChain->run()
#6 /home/azizy/framework/web/CController.php(265): KonfigurasiController->runActionWithFilters()
#7 /home/azizy/framework/web/CWebApplication.php(282): KonfigurasiController->run()
#8 /home/azizy/framework/web/CWebApplication.php(141): CWebApplication->runController()
#9 /home/azizy/framework/base/CApplication.php(180): CWebApplication->processRequest()
#10 /home/azizy/localsite/utoko/index.php(13): CWebApplication->run()
REQUEST_URI=/utoko/index.php/konfigurasi/transaksiapprove
2015/03/11 07:46:36 [error] [php] Undefined index: kodetrans (/home/azizy/localsite/utoko/protected/controllers/KonfigurasiController.php:162)
Stack trace:
#0 /home/azizy/framework/web/filters/CFilterChain.php(133): KonfigurasiController->runAction()
#1 /home/azizy/framework/web/filters/CFilter.php(40): CFilterChain->run()
#2 /home/azizy/framework/web/CController.php(1145): CAccessControlFilter->filter()
#3 /home/azizy/framework/web/filters/CInlineFilter.php(58): KonfigurasiController->filterAccessControl()
#4 /home/azizy/framework/web/filters/CFilterChain.php(130): CInlineFilter->filter()
#5 /home/azizy/framework/web/CController.php(291): CFilterChain->run()
#6 /home/azizy/framework/web/CController.php(265): KonfigurasiController->runActionWithFilters()
#7 /home/azizy/framework/web/CWebApplication.php(282): KonfigurasiController->run()
#8 /home/azizy/framework/web/CWebApplication.php(141): CWebApplication->runController()
#9 /home/azizy/framework/base/CApplication.php(180): CWebApplication->processRequest()
#10 /home/azizy/localsite/utoko/index.php(13): CWebApplication->run()
REQUEST_URI=/utoko/index.php/konfigurasi/transaksiapprove
2015/03/11 08:47:51 [error] [exception.CException] exception 'CException' with message 'Properti "Transaksi.kodetrans" tidak didefinisikan.' in /home/azizy/framework/base/CComponent.php:130
Stack trace:
#0 /home/azizy/framework/db/ar/CActiveRecord.php(145): CComponent->__get('kodetrans')
#1 /home/azizy/localsite/utoko/protected/views/konfigurasi/transaksiapprove.php(53): CActiveRecord->__get('kodetrans')
#2 /home/azizy/framework/web/CBaseController.php(126): require('/home/azizy/loc...')
#3 /home/azizy/framework/web/CBaseController.php(95): CBaseController->renderInternal('/home/azizy/loc...', Array, true)
#4 /home/azizy/framework/web/CController.php(869): CBaseController->renderFile('/home/azizy/loc...', Array, true)
#5 /home/azizy/framework/web/CController.php(782): CController->renderPartial('transaksiapprov...', Array, true)
#6 /home/azizy/localsite/utoko/protected/controllers/KonfigurasiController.php(170): CController->render('transaksiapprov...', Array)
#7 /home/azizy/framework/web/actions/CInlineAction.php(49): KonfigurasiController->actionTransaksiApprove()
#8 /home/azizy/framework/web/CController.php(308): CInlineAction->runWithParams(Array)
#9 /home/azizy/framework/web/filters/CFilterChain.php(133): CController->runAction(Object(CInlineAction))
#10 /home/azizy/framework/web/filters/CFilter.php(40): CFilterChain->run()
#11 /home/azizy/framework/web/CController.php(1145): CFilter->filter(Object(CFilterChain))
#12 /home/azizy/framework/web/filters/CInlineFilter.php(58): CController->filterAccessControl(Object(CFilterChain))
#13 /home/azizy/framework/web/filters/CFilterChain.php(130): CInlineFilter->filter(Object(CFilterChain))
#14 /home/azizy/framework/web/CController.php(291): CFilterChain->run()
#15 /home/azizy/framework/web/CController.php(265): CController->runActionWithFilters(Object(CInlineAction), Array)
#16 /home/azizy/framework/web/CWebApplication.php(282): CController->run('transaksiapprov...')
#17 /home/azizy/framework/web/CWebApplication.php(141): CWebApplication->runController('konfigurasi/tra...')
#18 /home/azizy/framework/base/CApplication.php(180): CWebApplication->processRequest()
#19 /home/azizy/localsite/utoko/index.php(13): CApplication->run()
#20 {main}
REQUEST_URI=/utoko/index.php/konfigurasi/transaksiapprove?kodetrans=150310103036516
HTTP_REFERER=http://localhost/utoko/index.php/konfigurasi/transaksidetail?kodetrans=150310103036516
---
2015/03/11 08:47:58 [error] [exception.CException] exception 'CException' with message 'Properti "Transaksi.kodetrans" tidak didefinisikan.' in /home/azizy/framework/base/CComponent.php:130
Stack trace:
#0 /home/azizy/framework/db/ar/CActiveRecord.php(145): CComponent->__get('kodetrans')
#1 /home/azizy/localsite/utoko/protected/views/konfigurasi/transaksiapprove.php(53): CActiveRecord->__get('kodetrans')
#2 /home/azizy/framework/web/CBaseController.php(126): require('/home/azizy/loc...')
#3 /home/azizy/framework/web/CBaseController.php(95): CBaseController->renderInternal('/home/azizy/loc...', Array, true)
#4 /home/azizy/framework/web/CController.php(869): CBaseController->renderFile('/home/azizy/loc...', Array, true)
#5 /home/azizy/framework/web/CController.php(782): CController->renderPartial('transaksiapprov...', Array, true)
#6 /home/azizy/localsite/utoko/protected/controllers/KonfigurasiController.php(170): CController->render('transaksiapprov...', Array)
#7 /home/azizy/framework/web/actions/CInlineAction.php(49): KonfigurasiController->actionTransaksiApprove()
#8 /home/azizy/framework/web/CController.php(308): CInlineAction->runWithParams(Array)
#9 /home/azizy/framework/web/filters/CFilterChain.php(133): CController->runAction(Object(CInlineAction))
#10 /home/azizy/framework/web/filters/CFilter.php(40): CFilterChain->run()
#11 /home/azizy/framework/web/CController.php(1145): CFilter->filter(Object(CFilterChain))
#12 /home/azizy/framework/web/filters/CInlineFilter.php(58): CController->filterAccessControl(Object(CFilterChain))
#13 /home/azizy/framework/web/filters/CFilterChain.php(130): CInlineFilter->filter(Object(CFilterChain))
#14 /home/azizy/framework/web/CController.php(291): CFilterChain->run()
#15 /home/azizy/framework/web/CController.php(265): CController->runActionWithFilters(Object(CInlineAction), Array)
#16 /home/azizy/framework/web/CWebApplication.php(282): CController->run('transaksiapprov...')
#17 /home/azizy/framework/web/CWebApplication.php(141): CWebApplication->runController('konfigurasi/tra...')
#18 /home/azizy/framework/base/CApplication.php(180): CWebApplication->processRequest()
#19 /home/azizy/localsite/utoko/index.php(13): CApplication->run()
#20 {main}
REQUEST_URI=/utoko/index.php/konfigurasi/transaksiapprove?kodetrans=150310103036516
HTTP_REFERER=http://localhost/utoko/index.php/konfigurasi/transaksidetail?kodetrans=150310103036516
---
2015/03/11 08:51:19 [error] [php] Undefined index: kodetrans (/home/azizy/localsite/utoko/protected/controllers/KonfigurasiController.php:162)
Stack trace:
#0 /home/azizy/framework/web/filters/CFilterChain.php(133): KonfigurasiController->runAction()
#1 /home/azizy/framework/web/filters/CFilter.php(40): CFilterChain->run()
#2 /home/azizy/framework/web/CController.php(1145): CAccessControlFilter->filter()
#3 /home/azizy/framework/web/filters/CInlineFilter.php(58): KonfigurasiController->filterAccessControl()
#4 /home/azizy/framework/web/filters/CFilterChain.php(130): CInlineFilter->filter()
#5 /home/azizy/framework/web/CController.php(291): CFilterChain->run()
#6 /home/azizy/framework/web/CController.php(265): KonfigurasiController->runActionWithFilters()
#7 /home/azizy/framework/web/CWebApplication.php(282): KonfigurasiController->run()
#8 /home/azizy/framework/web/CWebApplication.php(141): CWebApplication->runController()
#9 /home/azizy/framework/base/CApplication.php(180): CWebApplication->processRequest()
#10 /home/azizy/localsite/utoko/index.php(13): CWebApplication->run()
REQUEST_URI=/utoko/index.php/konfigurasi/transaksiapprove
2015/03/11 10:04:00 [error] [php] Trying to get property of non-object (/home/azizy/localsite/utoko/protected/controllers/KonfigurasiController.php:169)
Stack trace:
#0 /home/azizy/framework/web/filters/CFilterChain.php(133): KonfigurasiController->runAction()
#1 /home/azizy/framework/web/filters/CFilter.php(40): CFilterChain->run()
#2 /home/azizy/framework/web/CController.php(1145): CAccessControlFilter->filter()
#3 /home/azizy/framework/web/filters/CInlineFilter.php(58): KonfigurasiController->filterAccessControl()
#4 /home/azizy/framework/web/filters/CFilterChain.php(130): CInlineFilter->filter()
#5 /home/azizy/framework/web/CController.php(291): CFilterChain->run()
#6 /home/azizy/framework/web/CController.php(265): KonfigurasiController->runActionWithFilters()
#7 /home/azizy/framework/web/CWebApplication.php(282): KonfigurasiController->run()
#8 /home/azizy/framework/web/CWebApplication.php(141): CWebApplication->runController()
#9 /home/azizy/framework/base/CApplication.php(180): CWebApplication->processRequest()
#10 /home/azizy/localsite/utoko/index.php(13): CWebApplication->run()
REQUEST_URI=/utoko/index.php/konfigurasi/transaksiapprove?kodetrans=150310103036516
2015/03/11 10:06:40 [error] [php] Undefined index: transaksi (/home/azizy/localsite/utoko/protected/controllers/KonfigurasiController.php:170)
Stack trace:
#0 /home/azizy/framework/web/filters/CFilterChain.php(133): KonfigurasiController->runAction()
#1 /home/azizy/framework/web/filters/CFilter.php(40): CFilterChain->run()
#2 /home/azizy/framework/web/CController.php(1145): CAccessControlFilter->filter()
#3 /home/azizy/framework/web/filters/CInlineFilter.php(58): KonfigurasiController->filterAccessControl()
#4 /home/azizy/framework/web/filters/CFilterChain.php(130): CInlineFilter->filter()
#5 /home/azizy/framework/web/CController.php(291): CFilterChain->run()
#6 /home/azizy/framework/web/CController.php(265): KonfigurasiController->runActionWithFilters()
#7 /home/azizy/framework/web/CWebApplication.php(282): KonfigurasiController->run()
#8 /home/azizy/framework/web/CWebApplication.php(141): CWebApplication->runController()
#9 /home/azizy/framework/base/CApplication.php(180): CWebApplication->processRequest()
#10 /home/azizy/localsite/utoko/index.php(13): CWebApplication->run()
REQUEST_URI=/utoko/index.php/konfigurasi/transaksiapprove?kodetrans=150310103036516
2015/03/11 10:06:55 [error] [exception.CException] exception 'CException' with message 'Properti "CDbCriteria.criteria" tidak didefinisikan.' in /home/azizy/framework/base/CComponent.php:173
Stack trace:
#0 /home/azizy/framework/db/schema/CDbCriteria.php(160): CComponent->__set('criteria', Array)
#1 /home/azizy/framework/db/schema/CDbCommandBuilder.php(585): CDbCriteria->__construct(Array)
#2 /home/azizy/framework/db/ar/CActiveRecord.php(1764): CDbCommandBuilder->createCriteria(Array, Array)
#3 /home/azizy/localsite/utoko/protected/controllers/KonfigurasiController.php(172): CActiveRecord->updateAll(Array, Array)
#4 /home/azizy/framework/web/actions/CInlineAction.php(49): KonfigurasiController->actionTransaksiApprove()
#5 /home/azizy/framework/web/CController.php(308): CInlineAction->runWithParams(Array)
#6 /home/azizy/framework/web/filters/CFilterChain.php(133): CController->runAction(Object(CInlineAction))
#7 /home/azizy/framework/web/filters/CFilter.php(40): CFilterChain->run()
#8 /home/azizy/framework/web/CController.php(1145): CFilter->filter(Object(CFilterChain))
#9 /home/azizy/framework/web/filters/CInlineFilter.php(58): CController->filterAccessControl(Object(CFilterChain))
#10 /home/azizy/framework/web/filters/CFilterChain.php(130): CInlineFilter->filter(Object(CFilterChain))
#11 /home/azizy/framework/web/CController.php(291): CFilterChain->run()
#12 /home/azizy/framework/web/CController.php(265): CController->runActionWithFilters(Object(CInlineAction), Array)
#13 /home/azizy/framework/web/CWebApplication.php(282): CController->run('transaksiapprov...')
#14 /home/azizy/framework/web/CWebApplication.php(141): CWebApplication->runController('konfigurasi/tra...')
#15 /home/azizy/framework/base/CApplication.php(180): CWebApplication->processRequest()
#16 /home/azizy/localsite/utoko/index.php(13): CApplication->run()
#17 {main}
REQUEST_URI=/utoko/index.php/konfigurasi/transaksiapprove?kodetrans=150310103036516
HTTP_REFERER=http://localhost/utoko/index.php/konfigurasi/transaksiapprove?kodetrans=150310103036516
---
2015/03/11 10:24:52 [error] [exception.CHttpException.404] exception 'CHttpException' with message 'Sistem tidak bisa menemukan action "konfigurasi" seperti yang diminta.' in /home/azizy/framework/web/CController.php:483
Stack trace:
#0 /home/azizy/framework/web/CController.php(270): CController->missingAction('konfigurasi')
#1 /home/azizy/framework/web/CWebApplication.php(282): CController->run('konfigurasi')
#2 /home/azizy/framework/web/CWebApplication.php(141): CWebApplication->runController('konfigurasi/kon...')
#3 /home/azizy/framework/base/CApplication.php(180): CWebApplication->processRequest()
#4 /home/azizy/localsite/utoko/index.php(13): CApplication->run()
#5 {main}
REQUEST_URI=/utoko/index.php/konfigurasi/konfigurasi/transaksi
HTTP_REFERER=http://localhost/utoko/index.php/konfigurasi/transaksiapprove?kodetrans=150310103036516
---
2015/03/11 10:32:30 [error] [exception.CException] exception 'CException' with message 'Properti "Transaksi.trans_biayatambahan" tidak didefinisikan.' in /home/azizy/framework/base/CComponent.php:130
Stack trace:
#0 /home/azizy/framework/db/ar/CActiveRecord.php(145): CComponent->__get('trans_biayatamb...')
#1 /home/azizy/localsite/utoko/protected/views/konfigurasi/transaksidetail.php(51): CActiveRecord->__get('trans_biayatamb...')
#2 /home/azizy/framework/web/CBaseController.php(126): require('/home/azizy/loc...')
#3 /home/azizy/framework/web/CBaseController.php(95): CBaseController->renderInternal('/home/azizy/loc...', Array, true)
#4 /home/azizy/framework/web/CController.php(869): CBaseController->renderFile('/home/azizy/loc...', Array, true)
#5 /home/azizy/framework/web/CController.php(782): CController->renderPartial('transaksidetail', Array, true)
#6 /home/azizy/localsite/utoko/protected/controllers/KonfigurasiController.php(157): CController->render('transaksidetail', Array)
#7 /home/azizy/framework/web/actions/CInlineAction.php(49): KonfigurasiController->actionTransaksiDetail()
#8 /home/azizy/framework/web/CController.php(308): CInlineAction->runWithParams(Array)
#9 /home/azizy/framework/web/filters/CFilterChain.php(133): CController->runAction(Object(CInlineAction))
#10 /home/azizy/framework/web/filters/CFilter.php(40): CFilterChain->run()
#11 /home/azizy/framework/web/CController.php(1145): CFilter->filter(Object(CFilterChain))
#12 /home/azizy/framework/web/filters/CInlineFilter.php(58): CController->filterAccessControl(Object(CFilterChain))
#13 /home/azizy/framework/web/filters/CFilterChain.php(130): CInlineFilter->filter(Object(CFilterChain))
#14 /home/azizy/framework/web/CController.php(291): CFilterChain->run()
#15 /home/azizy/framework/web/CController.php(265): CController->runActionWithFilters(Object(CInlineAction), Array)
#16 /home/azizy/framework/web/CWebApplication.php(282): CController->run('transaksidetail')
#17 /home/azizy/framework/web/CWebApplication.php(141): CWebApplication->runController('konfigurasi/tra...')
#18 /home/azizy/framework/base/CApplication.php(180): CWebApplication->processRequest()
#19 /home/azizy/localsite/utoko/index.php(13): CApplication->run()
#20 {main}
REQUEST_URI=/utoko/index.php/konfigurasi/transaksidetail?kodetrans=150310080852541
HTTP_REFERER=http://localhost/utoko/index.php/konfigurasi/transaksi
---
2015/03/11 10:33:52 [error] [exception.CException] exception 'CException' with message 'Properti "Transaksi.trans_biayatambahan" tidak didefinisikan.' in /home/azizy/framework/base/CComponent.php:130
Stack trace:
#0 /home/azizy/framework/db/ar/CActiveRecord.php(145): CComponent->__get('trans_biayatamb...')
#1 /home/azizy/localsite/utoko/protected/views/konfigurasi/transaksidetail.php(52): CActiveRecord->__get('trans_biayatamb...')
#2 /home/azizy/framework/web/CBaseController.php(126): require('/home/azizy/loc...')
#3 /home/azizy/framework/web/CBaseController.php(95): CBaseController->renderInternal('/home/azizy/loc...', Array, true)
#4 /home/azizy/framework/web/CController.php(869): CBaseController->renderFile('/home/azizy/loc...', Array, true)
#5 /home/azizy/framework/web/CController.php(782): CController->renderPartial('transaksidetail', Array, true)
#6 /home/azizy/localsite/utoko/protected/controllers/KonfigurasiController.php(157): CController->render('transaksidetail', Array)
#7 /home/azizy/framework/web/actions/CInlineAction.php(49): KonfigurasiController->actionTransaksiDetail()
#8 /home/azizy/framework/web/CController.php(308): CInlineAction->runWithParams(Array)
#9 /home/azizy/framework/web/filters/CFilterChain.php(133): CController->runAction(Object(CInlineAction))
#10 /home/azizy/framework/web/filters/CFilter.php(40): CFilterChain->run()
#11 /home/azizy/framework/web/CController.php(1145): CFilter->filter(Object(CFilterChain))
#12 /home/azizy/framework/web/filters/CInlineFilter.php(58): CController->filterAccessControl(Object(CFilterChain))
#13 /home/azizy/framework/web/filters/CFilterChain.php(130): CInlineFilter->filter(Object(CFilterChain))
#14 /home/azizy/framework/web/CController.php(291): CFilterChain->run()
#15 /home/azizy/framework/web/CController.php(265): CController->runActionWithFilters(Object(CInlineAction), Array)
#16 /home/azizy/framework/web/CWebApplication.php(282): CController->run('transaksidetail')
#17 /home/azizy/framework/web/CWebApplication.php(141): CWebApplication->runController('konfigurasi/tra...')
#18 /home/azizy/framework/base/CApplication.php(180): CWebApplication->processRequest()
#19 /home/azizy/localsite/utoko/index.php(13): CApplication->run()
#20 {main}
REQUEST_URI=/utoko/index.php/konfigurasi/transaksidetail?kodetrans=150310080852541
HTTP_REFERER=http://localhost/utoko/index.php/konfigurasi/transaksi
---
2015/03/11 10:33:56 [error] [exception.CException] exception 'CException' with message 'Properti "Transaksi.trans_biayatambahan" tidak didefinisikan.' in /home/azizy/framework/base/CComponent.php:130
Stack trace:
#0 /home/azizy/framework/db/ar/CActiveRecord.php(145): CComponent->__get('trans_biayatamb...')
#1 /home/azizy/localsite/utoko/protected/views/konfigurasi/transaksidetail.php(52): CActiveRecord->__get('trans_biayatamb...')
#2 /home/azizy/framework/web/CBaseController.php(126): require('/home/azizy/loc...')
#3 /home/azizy/framework/web/CBaseController.php(95): CBaseController->renderInternal('/home/azizy/loc...', Array, true)
#4 /home/azizy/framework/web/CController.php(869): CBaseController->renderFile('/home/azizy/loc...', Array, true)
#5 /home/azizy/framework/web/CController.php(782): CController->renderPartial('transaksidetail', Array, true)
#6 /home/azizy/localsite/utoko/protected/controllers/KonfigurasiController.php(157): CController->render('transaksidetail', Array)
#7 /home/azizy/framework/web/actions/CInlineAction.php(49): KonfigurasiController->actionTransaksiDetail()
#8 /home/azizy/framework/web/CController.php(308): CInlineAction->runWithParams(Array)
#9 /home/azizy/framework/web/filters/CFilterChain.php(133): CController->runAction(Object(CInlineAction))
#10 /home/azizy/framework/web/filters/CFilter.php(40): CFilterChain->run()
#11 /home/azizy/framework/web/CController.php(1145): CFilter->filter(Object(CFilterChain))
#12 /home/azizy/framework/web/filters/CInlineFilter.php(58): CController->filterAccessControl(Object(CFilterChain))
#13 /home/azizy/framework/web/filters/CFilterChain.php(130): CInlineFilter->filter(Object(CFilterChain))
#14 /home/azizy/framework/web/CController.php(291): CFilterChain->run()
#15 /home/azizy/framework/web/CController.php(265): CController->runActionWithFilters(Object(CInlineAction), Array)
#16 /home/azizy/framework/web/CWebApplication.php(282): CController->run('transaksidetail')
#17 /home/azizy/framework/web/CWebApplication.php(141): CWebApplication->runController('konfigurasi/tra...')
#18 /home/azizy/framework/base/CApplication.php(180): CWebApplication->processRequest()
#19 /home/azizy/localsite/utoko/index.php(13): CApplication->run()
#20 {main}
REQUEST_URI=/utoko/index.php/konfigurasi/transaksidetail?kodetrans=150310080852541
---
2015/03/11 10:42:01 [error] [exception.CHttpException.403] exception 'CHttpException' with message 'Anda tidak diotorisasi untuk melakukan action ini.' in /home/azizy/framework/web/auth/CAccessControlFilter.php:182
Stack trace:
#0 /home/azizy/framework/web/auth/CAccessControlFilter.php(145): CAccessControlFilter->accessDenied(Object(TokoUser), 'Anda tidak diot...')
#1 /home/azizy/framework/web/filters/CFilter.php(38): CAccessControlFilter->preFilter(Object(CFilterChain))
#2 /home/azizy/framework/web/CController.php(1145): CFilter->filter(Object(CFilterChain))
#3 /home/azizy/framework/web/filters/CInlineFilter.php(58): CController->filterAccessControl(Object(CFilterChain))
#4 /home/azizy/framework/web/filters/CFilterChain.php(130): CInlineFilter->filter(Object(CFilterChain))
#5 /home/azizy/framework/web/CController.php(291): CFilterChain->run()
#6 /home/azizy/framework/web/CController.php(265): CController->runActionWithFilters(Object(CInlineAction), Array)
#7 /home/azizy/framework/web/CWebApplication.php(282): CController->run('transaksi')
#8 /home/azizy/framework/web/CWebApplication.php(141): CWebApplication->runController('pengaturan/tran...')
#9 /home/azizy/framework/base/CApplication.php(180): CWebApplication->processRequest()
#10 /home/azizy/localsite/utoko/index.php(13): CApplication->run()
#11 {main}
REQUEST_URI=/utoko/index.php/pengaturan/transaksi
HTTP_REFERER=http://localhost/utoko/index.php/konfigurasi/transaksidetail?kodetrans=150310074015646
---
2015/03/11 15:31:49 [error] [exception.CException] exception 'CException' with message 'Properti "Atribut.atribut_nama" tidak didefinisikan.' in /home/azizy/framework/base/CComponent.php:130
Stack trace:
#0 /home/azizy/framework/db/ar/CActiveRecord.php(145): CComponent->__get('atribut_nama')
#1 /home/azizy/localsite/utoko/protected/views/konfigurasi/index.php(33): CActiveRecord->__get('atribut_nama')
#2 /home/azizy/framework/web/CBaseController.php(126): require('/home/azizy/loc...')
#3 /home/azizy/framework/web/CBaseController.php(95): CBaseController->renderInternal('/home/azizy/loc...', Array, true)
#4 /home/azizy/framework/web/CController.php(869): CBaseController->renderFile('/home/azizy/loc...', Array, true)
#5 /home/azizy/framework/web/CController.php(782): CController->renderPartial('index', Array, true)
#6 /home/azizy/localsite/utoko/protected/controllers/KonfigurasiController.php(35): CController->render('index', Array)
#7 /home/azizy/framework/web/actions/CInlineAction.php(49): KonfigurasiController->actionIndex()
#8 /home/azizy/framework/web/CController.php(308): CInlineAction->runWithParams(Array)
#9 /home/azizy/framework/web/filters/CFilterChain.php(133): CController->runAction(Object(CInlineAction))
#10 /home/azizy/framework/web/filters/CFilter.php(40): CFilterChain->run()
#11 /home/azizy/framework/web/CController.php(1145): CFilter->filter(Object(CFilterChain))
#12 /home/azizy/framework/web/filters/CInlineFilter.php(58): CController->filterAccessControl(Object(CFilterChain))
#13 /home/azizy/framework/web/filters/CFilterChain.php(130): CInlineFilter->filter(Object(CFilterChain))
#14 /home/azizy/framework/web/CController.php(291): CFilterChain->run()
#15 /home/azizy/framework/web/CController.php(265): CController->runActionWithFilters(Object(CInlineAction), Array)
#16 /home/azizy/framework/web/CWebApplication.php(282): CController->run('index')
#17 /home/azizy/framework/web/CWebApplication.php(141): CWebApplication->runController('konfigurasi/ind...')
#18 /home/azizy/framework/base/CApplication.php(180): CWebApplication->processRequest()
#19 /home/azizy/localsite/utoko/index.php(13): CApplication->run()
#20 {main}
REQUEST_URI=/utoko/index.php/konfigurasi/index
---
2015/03/11 15:31:58 [error] [exception.CException] exception 'CException' with message 'Properti "Atribut.atribut_deskripsi" tidak didefinisikan.' in /home/azizy/framework/base/CComponent.php:130
Stack trace:
#0 /home/azizy/framework/db/ar/CActiveRecord.php(145): CComponent->__get('atribut_deskrip...')
#1 /home/azizy/localsite/utoko/protected/views/konfigurasi/index.php(33): CActiveRecord->__get('atribut_deskrip...')
#2 /home/azizy/framework/web/CBaseController.php(126): require('/home/azizy/loc...')
#3 /home/azizy/framework/web/CBaseController.php(95): CBaseController->renderInternal('/home/azizy/loc...', Array, true)
#4 /home/azizy/framework/web/CController.php(869): CBaseController->renderFile('/home/azizy/loc...', Array, true)
#5 /home/azizy/framework/web/CController.php(782): CController->renderPartial('index', Array, true)
#6 /home/azizy/localsite/utoko/protected/controllers/KonfigurasiController.php(35): CController->render('index', Array)
#7 /home/azizy/framework/web/actions/CInlineAction.php(49): KonfigurasiController->actionIndex()
#8 /home/azizy/framework/web/CController.php(308): CInlineAction->runWithParams(Array)
#9 /home/azizy/framework/web/filters/CFilterChain.php(133): CController->runAction(Object(CInlineAction))
#10 /home/azizy/framework/web/filters/CFilter.php(40): CFilterChain->run()
#11 /home/azizy/framework/web/CController.php(1145): CFilter->filter(Object(CFilterChain))
#12 /home/azizy/framework/web/filters/CInlineFilter.php(58): CController->filterAccessControl(Object(CFilterChain))
#13 /home/azizy/framework/web/filters/CFilterChain.php(130): CInlineFilter->filter(Object(CFilterChain))
#14 /home/azizy/framework/web/CController.php(291): CFilterChain->run()
#15 /home/azizy/framework/web/CController.php(265): CController->runActionWithFilters(Object(CInlineAction), Array)
#16 /home/azizy/framework/web/CWebApplication.php(282): CController->run('index')
#17 /home/azizy/framework/web/CWebApplication.php(141): CWebApplication->runController('konfigurasi/ind...')
#18 /home/azizy/framework/base/CApplication.php(180): CWebApplication->processRequest()
#19 /home/azizy/localsite/utoko/index.php(13): CApplication->run()
#20 {main}
REQUEST_URI=/utoko/index.php/konfigurasi/index
---
